This file contains any messages produced by compilers while
running configure, to aid debugging if configure makes a mistake.

It was created by sbsigntool configure 0.6, which was
generated by GNU Autoconf 2.69.  Invocation command line was

  $ ./configure 

## --------- ##
## Platform. ##
## --------- ##

hostname = m04
uname -m = x86_64
uname -r = 4.2.0-27-generic
uname -s = Linux
uname -v = #32~14.04.1-Ubuntu SMP Fri Jan 22 15:32:26 UTC 2016

/usr/bin/uname -p = unknown
/bin/uname -X     = unknown

/bin/arch              = unknown
/usr/bin/arch -k       = unknown
/usr/convex/getsysinfo = unknown
/usr/bin/hostinfo      = unknown
/bin/machine           = unknown
/usr/bin/oslevel       = unknown
/bin/universe          = unknown

PATH: /home/mlx/anaconda3/bin
PATH: /home/mlx/anaconda3/bin
PATH: /home/mlx/anaconda3/bin
PATH: /usr/local/sbin
PATH: /usr/local/bin
PATH: /usr/sbin
PATH: /usr/bin
PATH: /sbin
PATH: /bin
PATH: /usr/games
PATH: /usr/local/games
PATH: /server
PATH: /usr/local/cuda/bin
PATH: /usr/lib/jvm/java-1.7.0-openjdk-amd64//bin
PATH: /usr/lib/jvm/java-1.7.0-openjdk-amd64/jre/bin
PATH: /home/mlx/.scripts
PATH: /home/mlx/softwares/graphchi/graphchi-cpp/
PATH: /home/mlx/softwares/metis-5.1.0/include


## ----------- ##
## Core tests. ##
## ----------- ##

configure:2105: checking for a BSD-compatible install
configure:2173: result: /usr/bin/install -c
configure:2184: checking whether build environment is sane
configure:2234: result: yes
configure:2375: checking for a thread-safe mkdir -p
configure:2414: result: /bin/mkdir -p
configure:2427: checking for gawk
configure:2457: result: no
configure:2427: checking for mawk
configure:2443: found /usr/bin/mawk
configure:2454: result: mawk
configure:2465: checking whether make sets $(MAKE)
configure:2487: result: yes
configure:2586: checking for style of include used by make
configure:2614: result: GNU
configure:2685: checking for gcc
configure:2701: found /usr/bin/gcc
configure:2712: result: gcc
configure:2941: checking for C compiler version
configure:2950: gcc --version >&5
gcc (Ubuntu 4.8.4-2ubuntu1~14.04.3) 4.8.4
Copyright (C) 2013 Free Software Foundation, Inc.
This is free software; see the source for copying conditions.  There is NO
warranty; not even for MERCHANTABILITY or FITNESS FOR A PARTICULAR PURPOSE.

configure:2961: $? = 0
configure:2950: gcc -v >&5
Using built-in specs.
COLLECT_GCC=gcc
COLLECT_LTO_WRAPPER=/usr/lib/gcc/x86_64-linux-gnu/4.8/lto-wrapper
Target: x86_64-linux-gnu
Configured with: ../src/configure -v --with-pkgversion='Ubuntu 4.8.4-2ubuntu1~14.04.3' --with-bugurl=file:///usr/share/doc/gcc-4.8/README.Bugs --enable-languages=c,c++,java,go,d,fortran,objc,obj-c++ --prefix=/usr --program-suffix=-4.8 --enable-shared --enable-linker-build-id --libexecdir=/usr/lib --without-included-gettext --enable-threads=posix --with-gxx-include-dir=/usr/include/c++/4.8 --libdir=/usr/lib --enable-nls --with-sysroot=/ --enable-clocale=gnu --enable-libstdcxx-debug --enable-libstdcxx-time=yes --enable-gnu-unique-object --disable-libmudflap --enable-plugin --with-system-zlib --disable-browser-plugin --enable-java-awt=gtk --enable-gtk-cairo --with-java-home=/usr/lib/jvm/java-1.5.0-gcj-4.8-amd64/jre --enable-java-home --with-jvm-root-dir=/usr/lib/jvm/java-1.5.0-gcj-4.8-amd64 --with-jvm-jar-dir=/usr/lib/jvm-exports/java-1.5.0-gcj-4.8-amd64 --with-arch-directory=amd64 --with-ecj-jar=/usr/share/java/eclipse-ecj.jar --enable-objc-gc --enable-multiarch --disable-werror --with-arch-32=i686 --with-abi=m64 --with-multilib-list=m32,m64,mx32 --with-tune=generic --enable-checking=release --build=x86_64-linux-gnu --host=x86_64-linux-gnu --target=x86_64-linux-gnu
Thread model: posix
gcc version 4.8.4 (Ubuntu 4.8.4-2ubuntu1~14.04.3) 
configure:2961: $? = 0
configure:2950: gcc -V >&5
gcc: error: unrecognized command line option '-V'
gcc: fatal error: no input files
compilation terminated.
configure:2961: $? = 4
configure:2950: gcc -qversion >&5
gcc: error: unrecognized command line option '-qversion'
gcc: fatal error: no input files
compilation terminated.
configure:2961: $? = 4
configure:2981: checking whether the C compiler works
configure:3003: gcc -I/usr/local/ssl/include  -L/usr/local/ssl/lib conftest.c -ldl >&5
configure:3007: $? = 0
configure:3055: result: yes
configure:3058: checking for C compiler default output file name
configure:3060: result: a.out
configure:3066: checking for suffix of executables
configure:3073: gcc -o conftest -I/usr/local/ssl/include  -L/usr/local/ssl/lib conftest.c -ldl >&5
configure:3077: $? = 0
configure:3099: result: 
configure:3121: checking whether we are cross compiling
configure:3129: gcc -o conftest -I/usr/local/ssl/include  -L/usr/local/ssl/lib conftest.c -ldl >&5
configure:3133: $? = 0
configure:3140: ./conftest
configure:3144: $? = 0
configure:3159: result: no
configure:3164: checking for suffix of object files
configure:3186: gcc -c -I/usr/local/ssl/include  conftest.c >&5
configure:3190: $? = 0
configure:3211: result: o
configure:3215: checking whether we are using the GNU C compiler
configure:3234: gcc -c -I/usr/local/ssl/include  conftest.c >&5
configure:3234: $? = 0
configure:3243: result: yes
configure:3252: checking whether gcc accepts -g
configure:3272: gcc -c -g  conftest.c >&5
configure:3272: $? = 0
configure:3313: result: yes
configure:3330: checking for gcc option to accept ISO C89
configure:3393: gcc  -c -I/usr/local/ssl/include  conftest.c >&5
configure:3393: $? = 0
configure:3406: result: none needed
configure:3428: checking dependency style of gcc
configure:3539: result: gcc3
configure:3563: checking dependency style of gcc
configure:3672: result: gcc3
configure:3735: checking for gcc
configure:3762: result: gcc
configure:3991: checking for C compiler version
configure:4000: gcc --version >&5
gcc (Ubuntu 4.8.4-2ubuntu1~14.04.3) 4.8.4
Copyright (C) 2013 Free Software Foundation, Inc.
This is free software; see the source for copying conditions.  There is NO
warranty; not even for MERCHANTABILITY or FITNESS FOR A PARTICULAR PURPOSE.

configure:4011: $? = 0
configure:4000: gcc -v >&5
Using built-in specs.
COLLECT_GCC=gcc
COLLECT_LTO_WRAPPER=/usr/lib/gcc/x86_64-linux-gnu/4.8/lto-wrapper
Target: x86_64-linux-gnu
Configured with: ../src/configure -v --with-pkgversion='Ubuntu 4.8.4-2ubuntu1~14.04.3' --with-bugurl=file:///usr/share/doc/gcc-4.8/README.Bugs --enable-languages=c,c++,java,go,d,fortran,objc,obj-c++ --prefix=/usr --program-suffix=-4.8 --enable-shared --enable-linker-build-id --libexecdir=/usr/lib --without-included-gettext --enable-threads=posix --with-gxx-include-dir=/usr/include/c++/4.8 --libdir=/usr/lib --enable-nls --with-sysroot=/ --enable-clocale=gnu --enable-libstdcxx-debug --enable-libstdcxx-time=yes --enable-gnu-unique-object --disable-libmudflap --enable-plugin --with-system-zlib --disable-browser-plugin --enable-java-awt=gtk --enable-gtk-cairo --with-java-home=/usr/lib/jvm/java-1.5.0-gcj-4.8-amd64/jre --enable-java-home --with-jvm-root-dir=/usr/lib/jvm/java-1.5.0-gcj-4.8-amd64 --with-jvm-jar-dir=/usr/lib/jvm-exports/java-1.5.0-gcj-4.8-amd64 --with-arch-directory=amd64 --with-ecj-jar=/usr/share/java/eclipse-ecj.jar --enable-objc-gc --enable-multiarch --disable-werror --with-arch-32=i686 --with-abi=m64 --with-multilib-list=m32,m64,mx32 --with-tune=generic --enable-checking=release --build=x86_64-linux-gnu --host=x86_64-linux-gnu --target=x86_64-linux-gnu
Thread model: posix
gcc version 4.8.4 (Ubuntu 4.8.4-2ubuntu1~14.04.3) 
configure:4011: $? = 0
configure:4000: gcc -V >&5
gcc: error: unrecognized command line option '-V'
gcc: fatal error: no input files
compilation terminated.
configure:4011: $? = 4
configure:4000: gcc -qversion >&5
gcc: error: unrecognized command line option '-qversion'
gcc: fatal error: no input files
compilation terminated.
configure:4011: $? = 4
configure:4015: checking whether we are using the GNU C compiler
configure:4043: result: yes
configure:4052: checking whether gcc accepts -g
configure:4113: result: yes
configure:4130: checking for gcc option to accept ISO C89
configure:4206: result: none needed
configure:4228: checking dependency style of gcc
configure:4339: result: gcc3
configure:4355: checking whether gcc and cc understand -c and -o together
configure:4386: gcc -c conftest.c -o conftest2.o >&5
configure:4390: $? = 0
configure:4396: gcc -c conftest.c -o conftest2.o >&5
configure:4400: $? = 0
configure:4411: cc -c conftest.c >&5
configure:4415: $? = 0
configure:4423: cc -c conftest.c -o conftest2.o >&5
configure:4427: $? = 0
configure:4433: cc -c conftest.c -o conftest2.o >&5
configure:4437: $? = 0
configure:4455: result: yes
configure:4485: checking how to run the C preprocessor
configure:4516: gcc -E  conftest.c
configure:4516: $? = 0
configure:4530: gcc -E  conftest.c
conftest.c:11:28: fatal error: ac_nonexistent.h: No such file or directory
 #include <ac_nonexistent.h>
                            ^
compilation terminated.
configure:4530: $? = 1
configure: failed program was:
| /* confdefs.h */
| #define PACKAGE_NAME "sbsigntool"
| #define PACKAGE_TARNAME "sbsigntool"
| #define PACKAGE_VERSION "0.6"
| #define PACKAGE_STRING "sbsigntool 0.6"
| #define PACKAGE_BUGREPORT "jeremy.kerr@canonical.com"
| #define PACKAGE_URL ""
| #define PACKAGE "sbsigntool"
| #define VERSION "0.6"
| /* end confdefs.h.  */
| #include <ac_nonexistent.h>
configure:4555: result: gcc -E
configure:4575: gcc -E  conftest.c
configure:4575: $? = 0
configure:4589: gcc -E  conftest.c
conftest.c:11:28: fatal error: ac_nonexistent.h: No such file or directory
 #include <ac_nonexistent.h>
                            ^
compilation terminated.
configure:4589: $? = 1
configure: failed program was:
| /* confdefs.h */
| #define PACKAGE_NAME "sbsigntool"
| #define PACKAGE_TARNAME "sbsigntool"
| #define PACKAGE_VERSION "0.6"
| #define PACKAGE_STRING "sbsigntool 0.6"
| #define PACKAGE_BUGREPORT "jeremy.kerr@canonical.com"
| #define PACKAGE_URL ""
| #define PACKAGE "sbsigntool"
| #define VERSION "0.6"
| /* end confdefs.h.  */
| #include <ac_nonexistent.h>
configure:4660: checking for ranlib
configure:4676: found /usr/bin/ranlib
configure:4687: result: ranlib
configure:4754: checking for objcopy
configure:4770: found /usr/bin/objcopy
configure:4781: result: objcopy
configure:4846: checking for strip
configure:4862: found /usr/bin/strip
configure:4873: result: strip
configure:4898: checking for grep that handles long lines and -e
configure:4956: result: /bin/grep
configure:4961: checking for egrep
configure:5023: result: /bin/grep -E
configure:5028: checking for ANSI C header files
configure:5048: gcc -c -I/usr/local/ssl/include  conftest.c >&5
configure:5048: $? = 0
configure:5121: gcc -o conftest -I/usr/local/ssl/include  -L/usr/local/ssl/lib conftest.c -ldl >&5
configure:5121: $? = 0
configure:5121: ./conftest
configure:5121: $? = 0
configure:5132: result: yes
configure:5145: checking for sys/types.h
configure:5145: gcc -c -I/usr/local/ssl/include  conftest.c >&5
configure:5145: $? = 0
configure:5145: result: yes
configure:5145: checking for sys/stat.h
configure:5145: gcc -c -I/usr/local/ssl/include  conftest.c >&5
configure:5145: $? = 0
configure:5145: result: yes
configure:5145: checking for stdlib.h
configure:5145: gcc -c -I/usr/local/ssl/include  conftest.c >&5
configure:5145: $? = 0
configure:5145: result: yes
configure:5145: checking for string.h
configure:5145: gcc -c -I/usr/local/ssl/include  conftest.c >&5
configure:5145: $? = 0
configure:5145: result: yes
configure:5145: checking for memory.h
configure:5145: gcc -c -I/usr/local/ssl/include  conftest.c >&5
configure:5145: $? = 0
configure:5145: result: yes
configure:5145: checking for strings.h
configure:5145: gcc -c -I/usr/local/ssl/include  conftest.c >&5
configure:5145: $? = 0
configure:5145: result: yes
configure:5145: checking for inttypes.h
configure:5145: gcc -c -I/usr/local/ssl/include  conftest.c >&5
configure:5145: $? = 0
configure:5145: result: yes
configure:5145: checking for stdint.h
configure:5145: gcc -c -I/usr/local/ssl/include  conftest.c >&5
configure:5145: $? = 0
configure:5145: result: yes
configure:5145: checking for unistd.h
configure:5145: gcc -c -I/usr/local/ssl/include  conftest.c >&5
configure:5145: $? = 0
configure:5145: result: yes
configure:5157: checking bfd.h usability
configure:5157: gcc -c -I/usr/local/ssl/include  conftest.c >&5
configure:5157: $? = 0
configure:5157: result: yes
configure:5157: checking bfd.h presence
configure:5157: gcc -E  conftest.c
configure:5157: $? = 0
configure:5157: result: yes
configure:5157: checking for bfd.h
configure:5157: result: yes
configure:5175: checking build system endianness
configure:5190: gcc -E  conftest.c
configure:5190: $? = 0
configure:5210: gcc -E  conftest.c
conftest.c:26:7: error: #error 
      #error
       ^
configure:5210: $? = 1
configure: failed program was:
| /* confdefs.h */
| #define PACKAGE_NAME "sbsigntool"
| #define PACKAGE_TARNAME "sbsigntool"
| #define PACKAGE_VERSION "0.6"
| #define PACKAGE_STRING "sbsigntool 0.6"
| #define PACKAGE_BUGREPORT "jeremy.kerr@canonical.com"
| #define PACKAGE_URL ""
| #define PACKAGE "sbsigntool"
| #define VERSION "0.6"
| #define STDC_HEADERS 1
| #define HAVE_SYS_TYPES_H 1
| #define HAVE_SYS_STAT_H 1
| #define HAVE_STDLIB_H 1
| #define HAVE_STRING_H 1
| #define HAVE_MEMORY_H 1
| #define HAVE_STRINGS_H 1
| #define HAVE_INTTYPES_H 1
| #define HAVE_STDINT_H 1
| #define HAVE_UNISTD_H 1
| /* end confdefs.h.  */
| #include <endian.h>
| int
| main ()
| {
| #if __BYTE_ORDER != __BIG_ENDIAN
| 		   #error
| 		   #endif
|   ;
|   return 0;
| }
configure:5221: result: little
configure:5288: checking for pkg-config
configure:5306: found /usr/bin/pkg-config
configure:5318: result: /usr/bin/pkg-config
configure:5343: checking pkg-config is at least version 0.9.0
configure:5346: result: yes
configure:5356: checking for libcrypto
configure:5363: $PKG_CONFIG --exists --print-errors "libcrypto"
configure:5366: $? = 0
configure:5380: $PKG_CONFIG --exists --print-errors "libcrypto"
configure:5383: $? = 0
configure:5421: result: yes
configure:5428: checking for uuid
configure:5435: $PKG_CONFIG --exists --print-errors "uuid"
configure:5438: $? = 0
configure:5452: $PKG_CONFIG --exists --print-errors "uuid"
configure:5455: $? = 0
configure:5493: result: yes
configure:5505: checking for efi.h
configure:5505: gcc -c -I/usr/local/ssl/include  -I/usr/include/efi -I/usr/include/efi/x86_64  -DEFI_FUNCTION_WRAPPER conftest.c >&5
configure:5505: $? = 0
configure:5505: result: yes
configure:5660: creating ./config.status

## ---------------------- ##
## Running config.status. ##
## ---------------------- ##

This file was extended by sbsigntool config.status 0.6, which was
generated by GNU Autoconf 2.69.  Invocation command line was

  CONFIG_FILES    = 
  CONFIG_HEADERS  = 
  CONFIG_LINKS    = 
  CONFIG_COMMANDS = 
  $ ./config.status 

on m04

config.status:871: creating Makefile
config.status:871: creating src/Makefile
config.status:871: creating lib/ccan/Makefile
config.status:871: creating docs/Makefile
config.status:871: creating tests/Makefile
config.status:871: creating config.h
config.status:1052: config.h is unchanged
config.status:1100: executing depfiles commands

## ---------------- ##
## Cache variables. ##
## ---------------- ##

ac_cv_c_compiler_gnu=yes
ac_cv_env_CCASFLAGS_set=
ac_cv_env_CCASFLAGS_value=
ac_cv_env_CCAS_set=
ac_cv_env_CCAS_value=
ac_cv_env_CC_set=
ac_cv_env_CC_value=
ac_cv_env_CFLAGS_set=set
ac_cv_env_CFLAGS_value=-I/usr/local/ssl/include
ac_cv_env_CPPFLAGS_set=
ac_cv_env_CPPFLAGS_value=
ac_cv_env_CPP_set=
ac_cv_env_CPP_value=
ac_cv_env_LDFLAGS_set=set
ac_cv_env_LDFLAGS_value=-L/usr/local/ssl/lib
ac_cv_env_LIBS_set=set
ac_cv_env_LIBS_value=-ldl
ac_cv_env_PKG_CONFIG_LIBDIR_set=
ac_cv_env_PKG_CONFIG_LIBDIR_value=
ac_cv_env_PKG_CONFIG_PATH_set=
ac_cv_env_PKG_CONFIG_PATH_value=
ac_cv_env_PKG_CONFIG_set=
ac_cv_env_PKG_CONFIG_value=
ac_cv_env_build_alias_set=
ac_cv_env_build_alias_value=
ac_cv_env_host_alias_set=
ac_cv_env_host_alias_value=
ac_cv_env_libcrypto_CFLAGS_set=
ac_cv_env_libcrypto_CFLAGS_value=
ac_cv_env_libcrypto_LIBS_set=
ac_cv_env_libcrypto_LIBS_value=
ac_cv_env_target_alias_set=
ac_cv_env_target_alias_value=
ac_cv_env_uuid_CFLAGS_set=
ac_cv_env_uuid_CFLAGS_value=
ac_cv_env_uuid_LIBS_set=
ac_cv_env_uuid_LIBS_value=
ac_cv_header_bfd_h=yes
ac_cv_header_efi_h=yes
ac_cv_header_inttypes_h=yes
ac_cv_header_memory_h=yes
ac_cv_header_stdc=yes
ac_cv_header_stdint_h=yes
ac_cv_header_stdlib_h=yes
ac_cv_header_string_h=yes
ac_cv_header_strings_h=yes
ac_cv_header_sys_stat_h=yes
ac_cv_header_sys_types_h=yes
ac_cv_header_unistd_h=yes
ac_cv_objext=o
ac_cv_path_EGREP='/bin/grep -E'
ac_cv_path_GREP=/bin/grep
ac_cv_path_ac_pt_PKG_CONFIG=/usr/bin/pkg-config
ac_cv_path_install='/usr/bin/install -c'
ac_cv_path_mkdir=/bin/mkdir
ac_cv_prog_AWK=mawk
ac_cv_prog_CPP='gcc -E'
ac_cv_prog_ac_ct_CC=gcc
ac_cv_prog_ac_ct_OBJCOPY=objcopy
ac_cv_prog_ac_ct_RANLIB=ranlib
ac_cv_prog_ac_ct_STRIP=strip
ac_cv_prog_cc_c89=
ac_cv_prog_cc_g=yes
ac_cv_prog_cc_gcc_c_o=yes
ac_cv_prog_make_make_set=yes
am_cv_CCAS_dependencies_compiler_type=gcc3
am_cv_CC_dependencies_compiler_type=gcc3
pkg_cv_libcrypto_CFLAGS=' '
pkg_cv_libcrypto_LIBS='-lcrypto  '
pkg_cv_uuid_CFLAGS='-I/usr/include/uuid  '
pkg_cv_uuid_LIBS='-luuid  '

## ----------------- ##
## Output variables. ##
## ----------------- ##

ACLOCAL='${SHELL} /home/mlx/lianran/sbsigntool-0.6-sm2/missing --run aclocal-1.11'
AMDEPBACKSLASH='\'
AMDEP_FALSE='#'
AMDEP_TRUE=''
AMTAR='$${TAR-tar}'
AUTOCONF='${SHELL} /home/mlx/lianran/sbsigntool-0.6-sm2/missing --run autoconf'
AUTOHEADER='${SHELL} /home/mlx/lianran/sbsigntool-0.6-sm2/missing --run autoheader'
AUTOMAKE='${SHELL} /home/mlx/lianran/sbsigntool-0.6-sm2/missing --run automake-1.11'
AWK='mawk'
CC='gcc'
CCAS='gcc'
CCASDEPMODE='depmode=gcc3'
CCASFLAGS='-I/usr/local/ssl/include'
CCDEPMODE='depmode=gcc3'
CFLAGS='-I/usr/local/ssl/include'
CPP='gcc -E'
CPPFLAGS=''
CYGPATH_W='echo'
DEFS='-DHAVE_CONFIG_H'
DEPDIR='.deps'
ECHO_C=''
ECHO_N='-n'
ECHO_T=''
EFI_CPPFLAGS='-I/usr/include/efi -I/usr/include/efi/x86_64  -DEFI_FUNCTION_WRAPPER'
EGREP='/bin/grep -E'
EXEEXT=''
GREP='/bin/grep'
HELP2MAN='${SHELL} /home/mlx/lianran/sbsigntool-0.6-sm2/missing --run help2man'
INSTALL_DATA='${INSTALL} -m 644'
INSTALL_PROGRAM='${INSTALL}'
INSTALL_SCRIPT='${INSTALL}'
INSTALL_STRIP_PROGRAM='$(install_sh) -c -s'
LDFLAGS='-L/usr/local/ssl/lib'
LIBOBJS=''
LIBS='-ldl'
LTLIBOBJS=''
MAKEINFO='${SHELL} /home/mlx/lianran/sbsigntool-0.6-sm2/missing --run makeinfo'
MKDIR_P='/bin/mkdir -p'
OBJCOPY='objcopy'
OBJEXT='o'
PACKAGE='sbsigntool'
PACKAGE_BUGREPORT='jeremy.kerr@canonical.com'
PACKAGE_NAME='sbsigntool'
PACKAGE_STRING='sbsigntool 0.6'
PACKAGE_TARNAME='sbsigntool'
PACKAGE_URL=''
PACKAGE_VERSION='0.6'
PATH_SEPARATOR=':'
PKG_CONFIG='/usr/bin/pkg-config'
PKG_CONFIG_LIBDIR=''
PKG_CONFIG_PATH=''
RANLIB='ranlib'
SET_MAKE=''
SHELL='/bin/bash'
STRIP='strip'
VERSION='0.6'
ac_ct_CC='gcc'
am__EXEEXT_FALSE=''
am__EXEEXT_TRUE='#'
am__fastdepCCAS_FALSE='#'
am__fastdepCCAS_TRUE=''
am__fastdepCC_FALSE='#'
am__fastdepCC_TRUE=''
am__include='include'
am__isrc=''
am__leading_dot='.'
am__nodep='_no'
am__quote=''
am__tar='$${TAR-tar} chof - "$$tardir"'
am__untar='$${TAR-tar} xf -'
bindir='${exec_prefix}/bin'
build_alias=''
datadir='${datarootdir}'
datarootdir='${prefix}/share'
docdir='${datarootdir}/doc/${PACKAGE_TARNAME}'
dvidir='${docdir}'
exec_prefix='${prefix}'
host_alias=''
htmldir='${docdir}'
includedir='${prefix}/include'
infodir='${datarootdir}/info'
install_sh='${SHELL} /home/mlx/lianran/sbsigntool-0.6-sm2/install-sh'
libcrypto_CFLAGS=' '
libcrypto_LIBS='-lcrypto  '
libdir='${exec_prefix}/lib'
libexecdir='${exec_prefix}/libexec'
localedir='${datarootdir}/locale'
localstatedir='${prefix}/var'
mandir='${datarootdir}/man'
mkdir_p='/bin/mkdir -p'
oldincludedir='/usr/include'
pdfdir='${docdir}'
prefix='/usr/local'
program_transform_name='s,x,x,'
psdir='${docdir}'
sbindir='${exec_prefix}/sbin'
sharedstatedir='${prefix}/com'
sysconfdir='${prefix}/etc'
target_alias=''
uuid_CFLAGS='-I/usr/include/uuid  '
uuid_LIBS='-luuid  '

## ----------- ##
## confdefs.h. ##
## ----------- ##

/* confdefs.h */
#define PACKAGE_NAME "sbsigntool"
#define PACKAGE_TARNAME "sbsigntool"
#define PACKAGE_VERSION "0.6"
#define PACKAGE_STRING "sbsigntool 0.6"
#define PACKAGE_BUGREPORT "jeremy.kerr@canonical.com"
#define PACKAGE_URL ""
#define PACKAGE "sbsigntool"
#define VERSION "0.6"
#define STDC_HEADERS 1
#define HAVE_SYS_TYPES_H 1
#define HAVE_SYS_STAT_H 1
#define HAVE_STDLIB_H 1
#define HAVE_STRING_H 1
#define HAVE_MEMORY_H 1
#define HAVE_STRINGS_H 1
#define HAVE_INTTYPES_H 1
#define HAVE_STDINT_H 1
#define HAVE_UNISTD_H 1
#define HAVE_LITTLE_ENDIAN 1
#define HAVE_BIG_ENDIAN 0
#define HAVE_EFI_H 1

configure: exit 0
